<?xml version="1.0" encoding="UTF-8"?>
<testng-results skipped="0" failed="0" ignored="0" total="1" passed="1">
  <reporter-output>
  </reporter-output>
  <suite name="Default suite" duration-ms="835" started-at="2018-06-02T08:32:34Z" finished-at="2018-06-02T08:32:35Z">
    <groups>
    </groups>
    <test name="Default test" duration-ms="835" started-at="2018-06-02T08:32:34Z" finished-at="2018-06-02T08:32:35Z">
      <class name="d.renderer.tetrahedron.AppTest">
        <test-method status="PASS" signature="setupWindow()[pri:0, instance:d.renderer.tetrahedron.AppTest@15be6bb]" name="setupWindow" duration-ms="673" started-at="2018-06-02T08:32:35Z" finished-at="2018-06-02T08:32:35Z">
          <reporter-output>
          </reporter-output>
        </test-method> <!-- setupWindow -->
      </class> <!-- d.renderer.tetrahedron.AppTest -->
    </test> <!-- Default test -->
  </suite> <!-- Default suite -->
</testng-results>
